e:\gitcode\sinsy-ng\sinsy.dir\debug\vc141.pdb
e:\gitcode\sinsy-ng\sinsy.dir\debug\beat.obj
e:\gitcode\sinsy-ng\sinsy.dir\debug\syllablelabeler.obj
e:\gitcode\sinsy-ng\sinsy.dir\debug\phonemelabeler.obj
e:\gitcode\sinsy-ng\sinsy.dir\debug\notelabeler.obj
e:\gitcode\sinsy-ng\sinsy.dir\debug\notegroup.obj
e:\gitcode\sinsy-ng\sinsy.dir\debug\labelstrings.obj
e:\gitcode\sinsy-ng\sinsy.dir\debug\labelstream.obj
e:\gitcode\sinsy-ng\sinsy.dir\debug\labelposition.obj
e:\gitcode\sinsy-ng\sinsy.dir\debug\labelmeasure.obj
e:\gitcode\sinsy-ng\sinsy.dir\debug\labelmaker.obj
e:\gitcode\sinsy-ng\sinsy.dir\debug\labeldata.obj
e:\gitcode\sinsy-ng\sinsy.dir\debug\jconf.obj
e:\gitcode\sinsy-ng\sinsy.dir\debug\synthconditionimpl.obj
e:\gitcode\sinsy-ng\sinsy.dir\debug\htsengine.obj
e:\gitcode\sinsy-ng\sinsy.dir\debug\util_converter.obj
e:\gitcode\sinsy-ng\sinsy.dir\debug\unknownconf.obj
e:\gitcode\sinsy-ng\sinsy.dir\debug\phonemeinfo.obj
e:\gitcode\sinsy-ng\sinsy.dir\debug\converter.obj
e:\gitcode\sinsy-ng\sinsy.dir\debug\confmanager.obj
e:\gitcode\sinsy-ng\sinsy.dir\debug\confgroup.obj
e:\gitcode\sinsy-ng\sinsy.dir\debug\stringtokenizer.obj
e:\gitcode\sinsy-ng\sinsy.dir\debug\phonemetable.obj
e:\gitcode\sinsy-ng\sinsy.dir\debug\outputfile.obj
e:\gitcode\sinsy-ng\sinsy.dir\debug\multibytecharrange.obj
e:\gitcode\sinsy-ng\sinsy.dir\debug\macrontable.obj
e:\gitcode\sinsy-ng\sinsy.dir\debug\inputfile.obj
e:\gitcode\sinsy-ng\sinsy.dir\debug\istringable.obj
e:\gitcode\sinsy-ng\sinsy.dir\debug\diphthongconverter.obj
e:\gitcode\sinsy-ng\sinsy.dir\debug\configurations.obj
e:\gitcode\sinsy-ng\sinsy.dir\debug\tempscore.obj
e:\gitcode\sinsy-ng\sinsy.dir\debug\scoredoctor.obj
e:\gitcode\sinsy-ng\sinsy.dir\debug\util_score.obj
e:\gitcode\sinsy-ng\sinsy.dir\debug\syllabic.obj
e:\gitcode\sinsy-ng\sinsy.dir\debug\slur.obj
e:\gitcode\sinsy-ng\sinsy.dir\debug\scoreposition.obj
e:\gitcode\sinsy-ng\sinsy.dir\debug\pitch.obj
e:\gitcode\sinsy-ng\sinsy.dir\debug\note.obj
e:\gitcode\sinsy-ng\sinsy.dir\debug\mode.obj
e:\gitcode\sinsy-ng\sinsy.dir\debug\key.obj
e:\gitcode\sinsy-ng\sinsy.dir\debug\dynamics.obj
e:\gitcode\sinsy-ng\sinsy.dir\debug\xmlwriter.obj
e:\gitcode\sinsy-ng\sinsy.dir\debug\xmlreader.obj
e:\gitcode\sinsy-ng\sinsy.dir\debug\xmlparser.obj
e:\gitcode\sinsy-ng\sinsy.dir\debug\xmldata.obj
e:\gitcode\sinsy-ng\sinsy.dir\debug\util_string.obj
e:\gitcode\sinsy-ng\cmakefiles\generate.stamp
e:\gitcode\sinsy-ng\sinsy.dir\debug\sinsy.tlog\cl.command.1.tlog
e:\gitcode\sinsy-ng\sinsy.dir\debug\sinsy.tlog\cl.read.1.tlog
e:\gitcode\sinsy-ng\sinsy.dir\debug\sinsy.tlog\cl.write.1.tlog
e:\gitcode\sinsy-ng\sinsy.dir\debug\sinsy.tlog\custombuild.command.1.tlog
e:\gitcode\sinsy-ng\sinsy.dir\debug\sinsy.tlog\custombuild.read.1.tlog
e:\gitcode\sinsy-ng\sinsy.dir\debug\sinsy.tlog\custombuild.write.1.tlog
